<?xml version="1.0" encoding="UTF-8"?>
<!-- Generated by org.testng.reporters.JUnitReportReporter -->
<testsuite hostname="DESKTOP-073QPVU" failures="0" tests="3" name="day1_18052024.OrangeHRMDemo" time="14.919" errors="0" timestamp="2024-05-18T12:00:02 IST" skipped="0">
  <testcase classname="day1_18052024.OrangeHRMDemo" name="login" time="7.563"/>
  <testcase classname="day1_18052024.OrangeHRMDemo" name="verifyHomePage" time="0.548"/>
  <testcase classname="day1_18052024.OrangeHRMDemo" name="logout" time="6.808"/>
</testsuite> <!-- day1_18052024.OrangeHRMDemo -->
