<?xml version="1.0" encoding="UTF-8"?>
<!-- Generated by org.testng.reporters.JUnitReportReporter -->
<testsuite hostname="DESKTOP-073QPVU" failures="0" tests="2" name="day1_18052024.DependsOnMethodDemo" time="17.013" errors="0" timestamp="2024-05-18T12:07:34 IST" skipped="0">
  <testcase classname="day1_18052024.DependsOnMethodDemo" name="setUp" time="14.485"/>
  <testcase classname="day1_18052024.DependsOnMethodDemo" name="login" time="2.528"/>
</testsuite> <!-- day1_18052024.DependsOnMethodDemo -->
