<?xml version="1.0" encoding="UTF-8"?>
<!-- Generated by org.testng.reporters.JUnitReportReporter -->
<testsuite hostname="DESKTOP-073QPVU" failures="0" tests="2" name="day1_18052024.AnnotationsDemo" time="0.049" errors="0" timestamp="2024-05-18T10:54:00 IST" skipped="0">
  <testcase classname="day1_18052024.AnnotationsDemo" name="test2" time="0.019"/>
  <testcase classname="day1_18052024.AnnotationsDemo" name="test1" time="0.030"/>
</testsuite> <!-- day1_18052024.AnnotationsDemo -->
