<?xml version="1.0" encoding="UTF-8"?>
<!-- Generated by org.testng.reporters.JUnitReportReporter -->
<testsuite hostname="DESKTOP-073QPVU" failures="0" tests="1" name="day1_18052024.Parent" time="11.122" errors="0" timestamp="2024-05-18T12:07:34 IST" skipped="0">
  <testcase classname="day1_18052024.Parent" name="setUp" time="11.122"/>
</testsuite> <!-- day1_18052024.Parent -->
