<?xml version="1.0" encoding="UTF-8"?>
<!-- Generated by org.testng.reporters.JUnitReportReporter -->
<testsuite hostname="DESKTOP-073QPVU" failures="0" tests="3" name="day2_19052024.CrossBrowserDemo" time="39.581" errors="0" timestamp="2024-05-19T11:46:38 IST" skipped="0">
  <testcase classname="day2_19052024.CrossBrowserDemo" name="launchBrowser" time="6.581"/>
  <testcase classname="day2_19052024.CrossBrowserDemo" name="launchBrowser" time="15.357"/>
  <testcase classname="day2_19052024.CrossBrowserDemo" name="launchBrowser" time="17.643"/>
</testsuite> <!-- day2_19052024.CrossBrowserDemo -->
