<?xml version="1.0" encoding="UTF-8"?>
<!-- Generated by org.testng.reporters.JUnitReportReporter -->
<testsuite hostname="DESKTOP-073QPVU" failures="0" tests="1" name="day2_19052024.GroupDemo" time="0.023" errors="0" timestamp="2024-05-19T10:47:24 IST" skipped="0">
  <testcase classname="day2_19052024.GroupDemo" name="test2" time="0.023"/>
</testsuite> <!-- day2_19052024.GroupDemo -->
