<?xml version="1.0" encoding="UTF-8"?>
<!-- Generated by org.testng.reporters.JUnitReportReporter -->
<testsuite hostname="DESKTOP-073QPVU" failures="0" tests="3" name="day2_19052024.GroupDemo" time="0.016" errors="0" timestamp="2024-05-26T11:18:24 IST" skipped="0">
  <testcase classname="day2_19052024.GroupDemo" name="test7" time="0.002"/>
  <testcase classname="day2_19052024.GroupDemo" name="test3" time="0.009"/>
  <testcase classname="day2_19052024.GroupDemo" name="test6" time="0.005"/>
</testsuite> <!-- day2_19052024.GroupDemo -->
